<?xml version="1.0" encoding="utf-8"?>
<TestRun id="11a69c65-6d66-4ee1-915e-0a466a3d9af8" name="sadra@LEN019 2026-05-27 10:32:22" runUser="AMRISTAR\sadra" xmlns="http://microsoft.com/schemas/VisualStudio/TeamTest/2010">
  <Times creation="2026-05-27T10:32:22.4402701+08:00" queuing="2026-05-27T10:32:22.4402706+08:00" start="2026-05-27T10:32:20.1532731+08:00" finish="2026-05-27T10:32:22.4472465+08:00" />
  <TestSettings name="default" id="cca58fdc-b3e9-4186-8cd6-e5510c766dd1">
    <Deployment runDeploymentRoot="sadra_LEN019_2026-05-27_10_32_22" />
  </TestSettings>
  <Results>
    <UnitTestResult executionId="8ccf9265-0b2a-4394-82c9-4fa59dbab180" testId="cd0b7b49-2a5c-b005-97ec-a5128c3bd5f3" testName="Appilico.Market.IntegrationTests.UnitTest1.Test1" computerName="LEN019" duration="00:00:00.0024319" startTime="2026-05-27T10:32:22.3292920+08:00" endTime="2026-05-27T10:32:22.3293177+08:00" testType="13cdc9d9-ddb5-4fa4-a97d-d965ccfc6d4b" outcome="Passed" testListId="8c84fa94-04c1-424b-9868-57a2d4851a1d" relativeResultsDirectory="8ccf9265-0b2a-4394-82c9-4fa59dbab180" />
  </Results>
  <TestDefinitions>
    <UnitTest name="Appilico.Market.IntegrationTests.UnitTest1.Test1" storage="c:\myworkspace\appilico\market\backend\tests\appilico.market.integrationtests\bin\debug\net8.0\appilico.market.integrationtests.dll" id="cd0b7b49-2a5c-b005-97ec-a5128c3bd5f3">
      <Execution id="8ccf9265-0b2a-4394-82c9-4fa59dbab180" />
      <TestMethod codeBase="C:\MyWorkspace\Appilico\Market\backend\tests\Appilico.Market.IntegrationTests\bin\Debug\net8.0\Appilico.Market.IntegrationTests.dll" adapterTypeName="executor://xunit/VsTestRunner2/netcoreapp" className="Appilico.Market.IntegrationTests.UnitTest1" name="Test1" />
    </UnitTest>
  </TestDefinitions>
  <TestEntries>
    <TestEntry testId="cd0b7b49-2a5c-b005-97ec-a5128c3bd5f3" executionId="8ccf9265-0b2a-4394-82c9-4fa59dbab180" testListId="8c84fa94-04c1-424b-9868-57a2d4851a1d" />
  </TestEntries>
  <TestLists>
    <TestList name="Results Not in a List" id="8c84fa94-04c1-424b-9868-57a2d4851a1d" />
    <TestList name="All Loaded Results" id="19431567-8539-422a-85d7-44ee4e166bda" />
  </TestLists>
  <ResultSummary outcome="Completed">
    <Counters total="1" executed="1" passed="1" failed="0" error="0" timeout="0" aborted="0" inconclusive="0" passedButRunAborted="0" notRunnable="0" notExecuted="0" disconnected="0" warning="0" completed="0" inProgress="0" pending="0" />
    <Output>
      <StdOut>[xUnit.net 00:00:00.00] xUnit.net VSTest Adapter v2.5.3.1+6b60a9e56a (64-bit .NET 8.0.8)&#xD;
[xUnit.net 00:00:01.10]   Discovering: Appilico.Market.IntegrationTests&#xD;
[xUnit.net 00:00:01.13]   Discovered:  Appilico.Market.IntegrationTests&#xD;
[xUnit.net 00:00:01.14]   Starting:    Appilico.Market.IntegrationTests&#xD;
[xUnit.net 00:00:01.19]   Finished:    Appilico.Market.IntegrationTests&#xD;
</StdOut>
    </Output>
  </ResultSummary>
</TestRun>